<?xml version="1.0" encoding="UTF-8"?>
<!-- Generated by org.testng.reporters.JUnitReportReporter -->
<testsuite hostname="Anders" name="Test7DeleteObject" tests="1" failures="0" timestamp="23 Oct 2015 06:38:20 GMT" time="11.831" errors="0">
  <testcase name="createObject" time="11.831" classname="Test7DeleteObject"/>
</testsuite> <!-- Test7DeleteObject -->
