<?xml version="1.0" encoding="UTF-8"?>
<!-- Generated by org.testng.reporters.JUnitReportReporter -->
<testsuite hostname="Anders" name="Test2FailAuthorization" tests="3" failures="0" timestamp="23 Oct 2015 06:38:20 GMT" time="35.178" errors="0">
  <testcase name="authorizeWithIncorrectEmail" time="6.206" classname="Test2FailAuthorization"/>
  <testcase name="authorizeWithIncorrectPassword" time="6.699" classname="Test2FailAuthorization"/>
  <testcase name="authorizeWithEmptyFields" time="22.273" classname="Test2FailAuthorization"/>
</testsuite> <!-- Test2FailAuthorization -->
