<?xml version="1.0" encoding="UTF-8"?>
<!-- Generated by org.testng.reporters.JUnitReportReporter -->
<testsuite hostname="Anders" name="Test1SuccessfulAuthorization" tests="1" failures="0" timestamp="23 Oct 2015 06:38:20 GMT" time="10.539" errors="0">
  <testcase name="authorize" time="10.539" classname="Test1SuccessfulAuthorization"/>
</testsuite> <!-- Test1SuccessfulAuthorization -->
