<?xml version="1.0" encoding="UTF-8"?>
<!-- Generated by org.testng.reporters.JUnitReportReporter -->
<testsuite hostname="Anders" name="Test6EditObjectInsertWrongData" tests="1" failures="0" timestamp="23 Oct 2015 06:38:20 GMT" time="17.653" errors="0">
  <testcase name="createObject" time="17.653" classname="Test6EditObjectInsertWrongData"/>
</testsuite> <!-- Test6EditObjectInsertWrongData -->
